2019-12-10 20:36:18.254  INFO 17624 --- [restartedMain] com.cc.community.CommunityApplication    : Starting CommunityApplication on DESKTOP-2LVO1NJ with PID 17624 (started by xiaomi in F:\GitHubÏîÄ¿\halo\community)
2019-12-10 20:36:18.254  INFO 17624 --- [restartedMain] com.cc.community.CommunityApplication    : No active profile set, falling back to default profiles: default
2019-12-10 20:36:18.430  WARN 17624 --- [restartedMain] org.apache.tomcat.util.modeler.Registry  : The MBean registry cannot be disabled because it has already been initialised
2019-12-10 20:36:18.462  INFO 17624 --- [restartedMain] o.s.b.w.embedded.tomcat.TomcatWebServer  : Tomcat initialized with port(s): 8888 (http)
2019-12-10 20:36:18.462  INFO 17624 --- [restartedMain] o.apache.catalina.core.StandardService   : Starting service [Tomcat]
2019-12-10 20:36:18.464  INFO 17624 --- [restartedMain] org.apache.catalina.core.StandardEngine  : Starting Servlet engine: [Apache Tomcat/9.0.27]
2019-12-10 20:36:18.478  INFO 17624 --- [restartedMain] o.a.c.c.C.[Tomcat].[localhost].[/]       : Initializing Spring embedded WebApplicationContext
2019-12-10 20:36:18.478  INFO 17624 --- [restartedMain] o.s.web.context.ContextLoader            : Root WebApplicationContext: initialization completed in 221 ms
2019-12-10 20:36:18.487  INFO 17624 --- [restartedMain] com.zaxxer.hikari.HikariDataSource       : HikariPool-5 - Starting...
2019-12-10 20:36:18.494  INFO 17624 --- [restartedMain] com.zaxxer.hikari.HikariDataSource       : HikariPool-5 - Start completed.
2019-12-10 20:36:18.494  INFO 17624 --- [restartedMain] o.s.b.a.h2.H2ConsoleAutoConfiguration    : H2 console available at '/h2-console'. Database available at 'jdbc:h2:~/community'
2019-12-10 20:36:18.594  INFO 17624 --- [restartedMain] o.s.s.concurrent.ThreadPoolTaskExecutor  : Initializing ExecutorService 'applicationTaskExecutor'
2019-12-10 20:36:18.605  INFO 17624 --- [restartedMain] o.s.b.a.w.s.WelcomePageHandlerMapping    : Adding welcome page template: index
2019-12-10 20:36:18.678  INFO 17624 --- [restartedMain] o.s.b.d.a.OptionalLiveReloadServer       : LiveReload server is running on port 35729
2019-12-10 20:36:18.687  INFO 17624 --- [restartedMain] o.s.b.w.embedded.tomcat.TomcatWebServer  : Tomcat started on port(s): 8888 (http) with context path ''
2019-12-10 20:36:18.687  INFO 17624 --- [restartedMain] com.cc.community.CommunityApplication    : Started CommunityApplication in 0.51 seconds (JVM running for 1055.525)
2019-12-10 20:36:18.688  INFO 17624 --- [restartedMain] .ConditionEvaluationDeltaLoggingListener : Condition evaluation unchanged
2019-12-10 20:36:26.521  INFO 17624 --- [Thread-28] o.s.s.concurrent.ThreadPoolTaskExecutor  : Shutting down ExecutorService 'applicationTaskExecutor'
2019-12-10 20:36:26.522  INFO 17624 --- [Thread-28] com.zaxxer.hikari.HikariDataSource       : HikariPool-5 - Shutdown initiated...
2019-12-10 20:36:26.527  INFO 17624 --- [Thread-28] com.zaxxer.hikari.HikariDataSource       : HikariPool-5 - Shutdown completed.
