2019-12-10 20:36:32.141  INFO 15636 --- [restartedMain] com.cc.community.CommunityApplication    : Starting CommunityApplication on DESKTOP-2LVO1NJ with PID 15636 (started by xiaomi in F:\GitHubÏîÄ¿\halo\community)
2019-12-10 20:36:32.149  INFO 15636 --- [restartedMain] com.cc.community.CommunityApplication    : No active profile set, falling back to default profiles: default
2019-12-10 20:36:32.236  INFO 15636 --- [restartedMain] .e.DevToolsPropertyDefaultsPostProcessor : Devtools property defaults active! Set 'spring.devtools.add-properties' to 'false' to disable
2019-12-10 20:36:32.237  INFO 15636 --- [restartedMain] .e.DevToolsPropertyDefaultsPostProcessor : For additional web related logging consider setting the 'logging.level.web' property to 'DEBUG'
2019-12-10 20:36:34.385  INFO 15636 --- [restartedMain] o.s.b.w.embedded.tomcat.TomcatWebServer  : Tomcat initialized with port(s): 8888 (http)
2019-12-10 20:36:34.405  INFO 15636 --- [restartedMain] o.apache.catalina.core.StandardService   : Starting service [Tomcat]
2019-12-10 20:36:34.405  INFO 15636 --- [restartedMain] org.apache.catalina.core.StandardEngine  : Starting Servlet engine: [Apache Tomcat/9.0.27]
2019-12-10 20:36:34.566  INFO 15636 --- [restartedMain] o.a.c.c.C.[Tomcat].[localhost].[/]       : Initializing Spring embedded WebApplicationContext
2019-12-10 20:36:34.566  INFO 15636 --- [restartedMain] o.s.web.context.ContextLoader            : Root WebApplicationContext: initialization completed in 2324 ms
2019-12-10 20:36:34.647  INFO 15636 --- [restartedMain] com.zaxxer.hikari.HikariDataSource       : HikariPool-1 - Starting...
2019-12-10 20:36:35.007  INFO 15636 --- [restartedMain] com.zaxxer.hikari.HikariDataSource       : HikariPool-1 - Start completed.
2019-12-10 20:36:35.015  INFO 15636 --- [restartedMain] o.s.b.a.h2.H2ConsoleAutoConfiguration    : H2 console available at '/h2-console'. Database available at 'jdbc:h2:~/community'
2019-12-10 20:36:35.936  INFO 15636 --- [restartedMain] o.s.s.concurrent.ThreadPoolTaskExecutor  : Initializing ExecutorService 'applicationTaskExecutor'
2019-12-10 20:36:36.008  INFO 15636 --- [restartedMain] o.s.b.a.w.s.WelcomePageHandlerMapping    : Adding welcome page template: index
2019-12-10 20:36:36.292  INFO 15636 --- [restartedMain] o.s.b.d.a.OptionalLiveReloadServer       : LiveReload server is running on port 35729
2019-12-10 20:36:36.345  INFO 15636 --- [restartedMain] o.s.b.w.embedded.tomcat.TomcatWebServer  : Tomcat started on port(s): 8888 (http) with context path ''
2019-12-10 20:36:36.349  INFO 15636 --- [restartedMain] com.cc.community.CommunityApplication    : Started CommunityApplication in 4.767 seconds (JVM running for 5.406)
2019-12-10 20:37:04.358  INFO 15636 --- [http-nio-8888-exec-1] o.a.c.c.C.[Tomcat].[localhost].[/]       : Initializing Spring DispatcherServlet 'dispatcherServlet'
2019-12-10 20:37:04.358  INFO 15636 --- [http-nio-8888-exec-1] o.s.web.servlet.DispatcherServlet        : Initializing Servlet 'dispatcherServlet'
2019-12-10 20:37:04.365  INFO 15636 --- [http-nio-8888-exec-1] o.s.web.servlet.DispatcherServlet        : Completed initialization in 6 ms
